<?xml version="1.0" encoding="UTF-8"?>
<!-- Generated by org.testng.reporters.JUnitReportReporter -->
<testsuite hostname="IN-PF1C4WXX" name="userlogin.SL_Test" tests="1" failures="0" timestamp="9 Mar 2023 17:06:05 GMT" time="9.539" errors="0">
  <testcase name="loginTest" time="9.539" classname="userlogin.SL_Test"/>
</testsuite> <!-- userlogin.SL_Test -->
