<?xml version="1.0" encoding="UTF-8"?>
<!-- Generated by org.testng.reporters.JUnitReportReporter -->
<testsuite hostname="IN-PF1C4WXX" name="userlogin.AppTest" tests="2" failures="0" timestamp="9 Mar 2023 08:25:25 GMT" time="0.021" errors="0">
  <testcase name="check1" time="0.019" classname="userlogin.AppTest"/>
  <testcase name="check2" time="0.002" classname="userlogin.AppTest"/>
</testsuite> <!-- userlogin.AppTest -->
