<?xml version="1.0" encoding="UTF-8"?>
<!-- Generated by org.testng.reporters.JUnitReportReporter -->
<testsuite hostname="IN-PF1C4WXX" failures="0" tests="2" name="userlogin.AppTest" time="0.026" errors="0" timestamp="2023-03-09T23:13:01 IST" skipped="0">
  <testcase classname="userlogin.AppTest" name="check2" time="0.000"/>
  <testcase classname="userlogin.AppTest" name="check1" time="0.026"/>
</testsuite> <!-- userlogin.AppTest -->
