<?xml version="1.0" encoding="UTF-8"?>
<!-- Generated by org.testng.reporters.JUnitReportReporter -->
<testsuite hostname="IN-PF1C4WXX" failures="0" tests="1" name="userlogin.SL_Test" time="10.528" errors="0" timestamp="2023-03-09T23:13:01 IST" skipped="0">
  <testcase classname="userlogin.SL_Test" name="loginTest" time="10.528"/>
</testsuite> <!-- userlogin.SL_Test -->
